CRITICAL - 2023-09-29 13:45:58 --> Class "App\Controllers\ProductModel" not found
in APPPATH\Controllers\AdminController.php on line 23.
 1 SYSTEMPATH\CodeIgniter.php(919): App\Controllers\AdminController->create()
 2 SYSTEMPATH\CodeIgniter.php(494): CodeIgniter\CodeIgniter->runController(Object(App\Controllers\AdminController))
 3 SYSTEMPATH\CodeIgniter.php(353): CodeIgniter\CodeIgniter->handleRequest(null, Object(Config\Cache), false)
 4 FCPATH\index.php(79): CodeIgniter\CodeIgniter->run()
 5 SYSTEMPATH\Commands\Server\rewrite.php(47): require_once('C:\\laragon\\www\\act\\public\\index.php')
ERROR - 2023-09-29 13:48:32 --> mysqli_sql_exception: Table 'ecom.ecom' doesn't exist in C:\laragon\www\act\system\Database\MySQLi\Connection.php:306
Stack trace:
#0 C:\laragon\www\act\system\Database\MySQLi\Connection.php(306): mysqli->query('INSERT INTO `ec...', 0)
#1 C:\laragon\www\act\system\Database\BaseConnection.php(692): CodeIgniter\Database\MySQLi\Connection->execute('INSERT INTO `ec...')
#2 C:\laragon\www\act\system\Database\BaseConnection.php(606): CodeIgniter\Database\BaseConnection->simpleQuery('INSERT INTO `ec...')
#3 C:\laragon\www\act\system\Database\BaseBuilder.php(2308): CodeIgniter\Database\BaseConnection->query('INSERT INTO `ec...', Array, false)
#4 C:\laragon\www\act\system\Model.php(319): CodeIgniter\Database\BaseBuilder->insert()
#5 C:\laragon\www\act\system\BaseModel.php(788): CodeIgniter\Model->doInsert(Array)
#6 C:\laragon\www\act\system\Model.php(715): CodeIgniter\BaseModel->insert(Array, true)
#7 C:\laragon\www\act\app\Controllers\AdminController.php(36): CodeIgniter\Model->insert(Array)
#8 C:\laragon\www\act\system\CodeIgniter.php(919): App\Controllers\AdminController->create()
#9 C:\laragon\www\act\system\CodeIgniter.php(494): CodeIgniter\CodeIgniter->runController(Object(App\Controllers\AdminController))
#10 C:\laragon\www\act\system\CodeIgniter.php(353): CodeIgniter\CodeIgniter->handleRequest(NULL, Object(Config\Cache), false)
#11 C:\laragon\www\act\public\index.php(79): CodeIgniter\CodeIgniter->run()
#12 C:\laragon\www\act\system\Commands\Server\rewrite.php(47): require_once('C:\\laragon\\www\\...')
#13 {main}
CRITICAL - 2023-09-29 13:48:32 --> Table 'ecom.ecom' doesn't exist
in SYSTEMPATH\Database\BaseConnection.php on line 646.
 1 SYSTEMPATH\Database\BaseBuilder.php(2308): CodeIgniter\Database\BaseConnection->query('INSERT INTO `ecom` (`name`, `image_url`, `price`) VALUES (:name:, :image_url:, :price:)', [...], false)
 2 SYSTEMPATH\Model.php(319): CodeIgniter\Database\BaseBuilder->insert()
 3 SYSTEMPATH\BaseModel.php(788): CodeIgniter\Model->doInsert([...])
 4 SYSTEMPATH\Model.php(715): CodeIgniter\BaseModel->insert([...], true)
 5 APPPATH\Controllers\AdminController.php(36): CodeIgniter\Model->insert([...])
 6 SYSTEMPATH\CodeIgniter.php(919): App\Controllers\AdminController->create()
 7 SYSTEMPATH\CodeIgniter.php(494): CodeIgniter\CodeIgniter->runController(Object(App\Controllers\AdminController))
 8 SYSTEMPATH\CodeIgniter.php(353): CodeIgniter\CodeIgniter->handleRequest(null, Object(Config\Cache), false)
 9 FCPATH\index.php(79): CodeIgniter\CodeIgniter->run()
10 SYSTEMPATH\Commands\Server\rewrite.php(47): require_once('C:\\laragon\\www\\act\\public\\index.php')
CRITICAL - 2023-09-29 14:14:28 --> Undefined variable $products
in APPPATH\Views\admins\insert.php on line 37.
 1 APPPATH\Views\admins\insert.php(37): CodeIgniter\Debug\Exceptions->errorHandler(2, 'Undefined variable $products', 'C:\\laragon\\www\\act\\app\\Views\\admins\\insert.php', 37)
 2 SYSTEMPATH\View\View.php(226): include('C:\\laragon\\www\\act\\app\\Views\\admins\\insert.php')
 3 SYSTEMPATH\View\View.php(229): CodeIgniter\View\View->CodeIgniter\View\{closure}()
 4 SYSTEMPATH\Common.php(1188): CodeIgniter\View\View->render('admins/insert', [], true)
 5 APPPATH\Controllers\AdminController.php(18): view('admins/insert')
 6 SYSTEMPATH\CodeIgniter.php(919): App\Controllers\AdminController->admin()
 7 SYSTEMPATH\CodeIgniter.php(494): CodeIgniter\CodeIgniter->runController(Object(App\Controllers\AdminController))
 8 SYSTEMPATH\CodeIgniter.php(353): CodeIgniter\CodeIgniter->handleRequest(null, Object(Config\Cache), false)
 9 FCPATH\index.php(79): CodeIgniter\CodeIgniter->run()
10 SYSTEMPATH\Commands\Server\rewrite.php(47): require_once('C:\\laragon\\www\\act\\public\\index.php')
CRITICAL - 2023-09-29 14:14:31 --> Undefined variable $products
in APPPATH\Views\admins\insert.php on line 37.
 1 APPPATH\Views\admins\insert.php(37): CodeIgniter\Debug\Exceptions->errorHandler(2, 'Undefined variable $products', 'C:\\laragon\\www\\act\\app\\Views\\admins\\insert.php', 37)
 2 SYSTEMPATH\View\View.php(226): include('C:\\laragon\\www\\act\\app\\Views\\admins\\insert.php')
 3 SYSTEMPATH\View\View.php(229): CodeIgniter\View\View->CodeIgniter\View\{closure}()
 4 SYSTEMPATH\Common.php(1188): CodeIgniter\View\View->render('admins/insert', [], true)
 5 APPPATH\Controllers\AdminController.php(18): view('admins/insert')
 6 SYSTEMPATH\CodeIgniter.php(919): App\Controllers\AdminController->admin()
 7 SYSTEMPATH\CodeIgniter.php(494): CodeIgniter\CodeIgniter->runController(Object(App\Controllers\AdminController))
 8 SYSTEMPATH\CodeIgniter.php(353): CodeIgniter\CodeIgniter->handleRequest(null, Object(Config\Cache), false)
 9 FCPATH\index.php(79): CodeIgniter\CodeIgniter->run()
10 SYSTEMPATH\Commands\Server\rewrite.php(47): require_once('C:\\laragon\\www\\act\\public\\index.php')
